<?xml version="1.0" encoding="UTF-8"?>
<coverage generated="1775626245119" clover="3.2.0">
  <project timestamp="1775626245119" name="All files">
    <metrics statements="33" coveredstatements="33" conditionals="14" coveredconditionals="14" methods="18" coveredmethods="18" elements="65" coveredelements="65" complexity="0" loc="33" ncloc="33" packages="2" files="10" classes="10"/>
    <package name="src">
      <metrics statements="14" coveredstatements="14" conditionals="6" coveredconditionals="6" methods="7" coveredmethods="7"/>
      <file name="App.css" path="/Users/gusamovamir/arcadia/junk/gusamovamir/ci-demo/src/App.css">
        <metrics statements="0" coveredstatements="0" conditionals="0" coveredconditionals="0" methods="0" coveredmethods="0"/>
      </file>
      <file name="App.jsx" path="/Users/gusamovamir/arcadia/junk/gusamovamir/ci-demo/src/App.jsx">
        <metrics statements="14" coveredstatements="14" conditionals="6" coveredconditionals="6" methods="7" coveredmethods="7"/>
        <line num="8" count="18" type="stmt"/>
        <line num="9" count="18" type="stmt"/>
        <line num="11" count="18" type="stmt"/>
        <line num="12" count="7" type="stmt"/>
        <line num="15" count="18" type="stmt"/>
        <line num="16" count="1" type="stmt"/>
        <line num="19" count="18" type="stmt"/>
        <line num="20" count="3" type="stmt"/>
        <line num="22" count="5" type="cond" truecount="2" falsecount="0"/>
        <line num="27" count="18" type="stmt"/>
        <line num="28" count="18" type="cond" truecount="2" falsecount="0"/>
        <line num="29" count="16" type="cond" truecount="2" falsecount="0"/>
        <line num="30" count="14" type="stmt"/>
        <line num="33" count="18" type="stmt"/>
      </file>
    </package>
    <package name="src.components">
      <metrics statements="19" coveredstatements="19" conditionals="8" coveredconditionals="8" methods="11" coveredmethods="11"/>
      <file name="TodoFilter.css" path="/Users/gusamovamir/arcadia/junk/gusamovamir/ci-demo/src/components/TodoFilter.css">
        <metrics statements="0" coveredstatements="0" conditionals="0" coveredconditionals="0" methods="0" coveredmethods="0"/>
      </file>
      <file name="TodoFilter.jsx" path="/Users/gusamovamir/arcadia/junk/gusamovamir/ci-demo/src/components/TodoFilter.jsx">
        <metrics statements="4" coveredstatements="4" conditionals="2" coveredconditionals="2" methods="3" coveredmethods="3"/>
        <line num="3" count="2" type="stmt"/>
        <line num="6" count="23" type="stmt"/>
        <line num="9" count="69" type="stmt"/>
        <line num="12" count="5" type="stmt"/>
      </file>
      <file name="TodoInput.css" path="/Users/gusamovamir/arcadia/junk/gusamovamir/ci-demo/src/components/TodoInput.css">
        <metrics statements="0" coveredstatements="0" conditionals="0" coveredconditionals="0" methods="0" coveredmethods="0"/>
      </file>
      <file name="TodoInput.jsx" path="/Users/gusamovamir/arcadia/junk/gusamovamir/ci-demo/src/components/TodoInput.jsx">
        <metrics statements="8" coveredstatements="8" conditionals="2" coveredconditionals="2" methods="3" coveredmethods="3"/>
        <line num="5" count="33" type="stmt"/>
        <line num="7" count="33" type="stmt"/>
        <line num="8" count="10" type="stmt"/>
        <line num="9" count="10" type="cond" truecount="2" falsecount="0"/>
        <line num="10" count="9" type="stmt"/>
        <line num="11" count="9" type="stmt"/>
        <line num="15" count="33" type="stmt"/>
        <line num="20" count="9" type="stmt"/>
      </file>
      <file name="TodoItem.css" path="/Users/gusamovamir/arcadia/junk/gusamovamir/ci-demo/src/components/TodoItem.css">
        <metrics statements="0" coveredstatements="0" conditionals="0" coveredconditionals="0" methods="0" coveredmethods="0"/>
      </file>
      <file name="TodoItem.jsx" path="/Users/gusamovamir/arcadia/junk/gusamovamir/ci-demo/src/components/TodoItem.jsx">
        <metrics statements="3" coveredstatements="3" conditionals="2" coveredconditionals="2" methods="3" coveredmethods="3"/>
        <line num="4" count="27" type="stmt"/>
        <line num="9" count="5" type="stmt"/>
        <line num="12" count="3" type="stmt"/>
      </file>
      <file name="TodoList.css" path="/Users/gusamovamir/arcadia/junk/gusamovamir/ci-demo/src/components/TodoList.css">
        <metrics statements="0" coveredstatements="0" conditionals="0" coveredconditionals="0" methods="0" coveredmethods="0"/>
      </file>
      <file name="TodoList.jsx" path="/Users/gusamovamir/arcadia/junk/gusamovamir/ci-demo/src/components/TodoList.jsx">
        <metrics statements="4" coveredstatements="4" conditionals="2" coveredconditionals="2" methods="2" coveredmethods="2"/>
        <line num="5" count="22" type="cond" truecount="2" falsecount="0"/>
        <line num="6" count="7" type="stmt"/>
        <line num="9" count="15" type="stmt"/>
        <line num="12" count="22" type="stmt"/>
      </file>
    </package>
  </project>
</coverage>
