{"/Users/gusamovamir/arcadia/junk/gusamovamir/ci-demo/src/App.css": {"path":"/Users/gusamovamir/arcadia/junk/gusamovamir/ci-demo/src/App.css","statementMap":{},"fnMap":{},"branchMap":{},"s":{},"f":{},"b":{},"meta":{"lastBranch":0,"lastFunction":0,"lastStatement":0,"seen":{}}}
,"/Users/gusamovamir/arcadia/junk/gusamovamir/ci-demo/src/App.jsx": {"path":"/Users/gusamovamir/arcadia/junk/gusamovamir/ci-demo/src/App.jsx","statementMap":{"0":{"start":{"line":8,"column":16},"end":{"line":8,"column":40}},"1":{"start":{"line":9,"column":17},"end":{"line":9,"column":45}},"2":{"start":{"line":11,"column":8},"end":{"line":12,"column":null}},"3":{"start":{"line":12,"column":4},"end":{"line":12,"column":null}},"4":{"start":{"line":15,"column":8},"end":{"line":16,"column":null}},"5":{"start":{"line":16,"column":4},"end":{"line":16,"column":null}},"6":{"start":{"line":16,"column":36},"end":{"line":16,"column":51}},"7":{"start":{"line":19,"column":8},"end":{"line":24,"column":null}},"8":{"start":{"line":20,"column":4},"end":{"line":24,"column":null}},"9":{"start":{"line":22,"column":8},"end":{"line":22,"column":null}},"10":{"start":{"line":27,"column":24},"end":{"line":31,"column":null}},"11":{"start":{"line":28,"column":4},"end":{"line":28,"column":null}},"12":{"start":{"line":28,"column":29},"end":{"line":28,"column":null}},"13":{"start":{"line":29,"column":4},"end":{"line":29,"column":null}},"14":{"start":{"line":29,"column":32},"end":{"line":29,"column":null}},"15":{"start":{"line":30,"column":4},"end":{"line":30,"column":null}},"16":{"start":{"line":33,"column":2},"end":{"line":42,"column":null}}},"fnMap":{"0":{"name":"App","decl":{"start":{"line":7,"column":9},"end":{"line":7,"column":15}},"loc":{"start":{"line":7,"column":15},"end":{"line":42,"column":null}},"line":7},"1":{"name":"(anonymous_1)","decl":{"start":{"line":11,"column":8},"end":{"line":11,"column":19}},"loc":{"start":{"line":11,"column":28},"end":{"line":12,"column":null}},"line":11},"2":{"name":"(anonymous_2)","decl":{"start":{"line":15,"column":8},"end":{"line":15,"column":22}},"loc":{"start":{"line":15,"column":29},"end":{"line":16,"column":null}},"line":15},"3":{"name":"(anonymous_3)","decl":{"start":{"line":16,"column":19},"end":{"line":16,"column":27}},"loc":{"start":{"line":16,"column":36},"end":{"line":16,"column":51}},"line":16},"4":{"name":"(anonymous_4)","decl":{"start":{"line":19,"column":8},"end":{"line":19,"column":22}},"loc":{"start":{"line":19,"column":29},"end":{"line":24,"column":null}},"line":19},"5":{"name":"(anonymous_5)","decl":{"start":{"line":21,"column":12},"end":{"line":21,"column":17}},"loc":{"start":{"line":22,"column":8},"end":{"line":22,"column":null}},"line":22},"6":{"name":"(anonymous_6)","decl":{"start":{"line":27,"column":30},"end":{"line":27,"column":38}},"loc":{"start":{"line":27,"column":47},"end":{"line":31,"column":null}},"line":27}},"branchMap":{"0":{"loc":{"start":{"line":22,"column":8},"end":{"line":22,"column":null}},"type":"cond-expr","locations":[{"start":{"line":22,"column":25},"end":{"line":22,"column":67}},{"start":{"line":22,"column":67},"end":{"line":22,"column":null}}],"line":22},"1":{"loc":{"start":{"line":28,"column":4},"end":{"line":28,"column":null}},"type":"if","locations":[{"start":{"line":28,"column":4},"end":{"line":28,"column":null}},{"start":{},"end":{}}],"line":28},"2":{"loc":{"start":{"line":29,"column":4},"end":{"line":29,"column":null}},"type":"if","locations":[{"start":{"line":29,"column":4},"end":{"line":29,"column":null}},{"start":{},"end":{}}],"line":29}},"s":{"0":18,"1":18,"2":18,"3":7,"4":18,"5":1,"6":1,"7":18,"8":3,"9":5,"10":18,"11":18,"12":2,"13":16,"14":2,"15":14,"16":18},"f":{"0":18,"1":7,"2":1,"3":1,"4":3,"5":5,"6":18},"b":{"0":[3,2],"1":[2,16],"2":[2,14]},"meta":{"lastBranch":3,"lastFunction":7,"lastStatement":17,"seen":{"f:7:9:7:15":0,"s:8:16:8:40":0,"s:9:17:9:45":1,"s:11:8:12:Infinity":2,"f:11:8:11:19":1,"s:12:4:12:Infinity":3,"s:15:8:16:Infinity":4,"f:15:8:15:22":2,"s:16:4:16:Infinity":5,"f:16:19:16:27":3,"s:16:36:16:51":6,"s:19:8:24:Infinity":7,"f:19:8:19:22":4,"s:20:4:24:Infinity":8,"f:21:12:21:17":5,"s:22:8:22:Infinity":9,"b:22:25:22:67:22:67:22:Infinity":0,"s:27:24:31:Infinity":10,"f:27:30:27:38":6,"b:28:4:28:Infinity:undefined:undefined:undefined:undefined":1,"s:28:4:28:Infinity":11,"s:28:29:28:Infinity":12,"b:29:4:29:Infinity:undefined:undefined:undefined:undefined":2,"s:29:4:29:Infinity":13,"s:29:32:29:Infinity":14,"s:30:4:30:Infinity":15,"s:33:2:42:Infinity":16}}}
,"/Users/gusamovamir/arcadia/junk/gusamovamir/ci-demo/src/components/TodoFilter.css": {"path":"/Users/gusamovamir/arcadia/junk/gusamovamir/ci-demo/src/components/TodoFilter.css","statementMap":{},"fnMap":{},"branchMap":{},"s":{},"f":{},"b":{},"meta":{"lastBranch":0,"lastFunction":0,"lastStatement":0,"seen":{}}}
,"/Users/gusamovamir/arcadia/junk/gusamovamir/ci-demo/src/components/TodoFilter.jsx": {"path":"/Users/gusamovamir/arcadia/junk/gusamovamir/ci-demo/src/components/TodoFilter.jsx","statementMap":{"0":{"start":{"line":3,"column":16},"end":{"line":3,"column":null}},"1":{"start":{"line":6,"column":2},"end":{"line":17,"column":null}},"2":{"start":{"line":9,"column":8},"end":{"line":15,"column":null}},"3":{"start":{"line":12,"column":25},"end":{"line":12,"column":42}}},"fnMap":{"0":{"name":"TodoFilter","decl":{"start":{"line":5,"column":9},"end":{"line":5,"column":20}},"loc":{"start":{"line":5,"column":48},"end":{"line":17,"column":null}},"line":5},"1":{"name":"(anonymous_1)","decl":{"start":{"line":8,"column":15},"end":{"line":8,"column":20}},"loc":{"start":{"line":9,"column":8},"end":{"line":15,"column":null}},"line":9},"2":{"name":"(anonymous_2)","decl":{"start":{"line":12,"column":10},"end":{"line":12,"column":25}},"loc":{"start":{"line":12,"column":25},"end":{"line":12,"column":42}},"line":12}},"branchMap":{"0":{"loc":{"start":{"line":11,"column":21},"end":{"line":11,"column":null}},"type":"cond-expr","locations":[{"start":{"line":11,"column":36},"end":{"line":11,"column":47}},{"start":{"line":11,"column":47},"end":{"line":11,"column":null}}],"line":11}},"s":{"0":2,"1":23,"2":69,"3":5},"f":{"0":23,"1":69,"2":5},"b":{"0":[23,46]},"meta":{"lastBranch":1,"lastFunction":3,"lastStatement":4,"seen":{"s:3:16:3:Infinity":0,"f:5:9:5:20":0,"s:6:2:17:Infinity":1,"f:8:15:8:20":1,"s:9:8:15:Infinity":2,"b:11:36:11:47:11:47:11:Infinity":0,"f:12:10:12:25":2,"s:12:25:12:42":3}}}
,"/Users/gusamovamir/arcadia/junk/gusamovamir/ci-demo/src/components/TodoInput.css": {"path":"/Users/gusamovamir/arcadia/junk/gusamovamir/ci-demo/src/components/TodoInput.css","statementMap":{},"fnMap":{},"branchMap":{},"s":{},"f":{},"b":{},"meta":{"lastBranch":0,"lastFunction":0,"lastStatement":0,"seen":{}}}
,"/Users/gusamovamir/arcadia/junk/gusamovamir/ci-demo/src/components/TodoInput.jsx": {"path":"/Users/gusamovamir/arcadia/junk/gusamovamir/ci-demo/src/components/TodoInput.jsx","statementMap":{"0":{"start":{"line":5,"column":15},"end":{"line":5,"column":38}},"1":{"start":{"line":7,"column":8},"end":{"line":11,"column":null}},"2":{"start":{"line":8,"column":4},"end":{"line":8,"column":null}},"3":{"start":{"line":9,"column":4},"end":{"line":11,"column":null}},"4":{"start":{"line":10,"column":6},"end":{"line":10,"column":null}},"5":{"start":{"line":11,"column":6},"end":{"line":11,"column":null}},"6":{"start":{"line":15,"column":2},"end":{"line":23,"column":null}},"7":{"start":{"line":20,"column":25},"end":{"line":20,"column":48}}},"fnMap":{"0":{"name":"TodoInput","decl":{"start":{"line":4,"column":9},"end":{"line":4,"column":19}},"loc":{"start":{"line":4,"column":30},"end":{"line":23,"column":null}},"line":4},"1":{"name":"(anonymous_1)","decl":{"start":{"line":7,"column":8},"end":{"line":7,"column":24}},"loc":{"start":{"line":7,"column":30},"end":{"line":11,"column":null}},"line":7},"2":{"name":"(anonymous_2)","decl":{"start":{"line":20,"column":8},"end":{"line":20,"column":19}},"loc":{"start":{"line":20,"column":25},"end":{"line":20,"column":48}},"line":20}},"branchMap":{"0":{"loc":{"start":{"line":9,"column":4},"end":{"line":11,"column":null}},"type":"if","locations":[{"start":{"line":9,"column":4},"end":{"line":11,"column":null}},{"start":{},"end":{}}],"line":9}},"s":{"0":33,"1":33,"2":10,"3":10,"4":9,"5":9,"6":33,"7":9},"f":{"0":33,"1":10,"2":9},"b":{"0":[9,1]},"meta":{"lastBranch":1,"lastFunction":3,"lastStatement":8,"seen":{"f:4:9:4:19":0,"s:5:15:5:38":0,"s:7:8:11:Infinity":1,"f:7:8:7:24":1,"s:8:4:8:Infinity":2,"b:9:4:11:Infinity:undefined:undefined:undefined:undefined":0,"s:9:4:11:Infinity":3,"s:10:6:10:Infinity":4,"s:11:6:11:Infinity":5,"s:15:2:23:Infinity":6,"f:20:8:20:19":2,"s:20:25:20:48":7}}}
,"/Users/gusamovamir/arcadia/junk/gusamovamir/ci-demo/src/components/TodoItem.css": {"path":"/Users/gusamovamir/arcadia/junk/gusamovamir/ci-demo/src/components/TodoItem.css","statementMap":{},"fnMap":{},"branchMap":{},"s":{},"f":{},"b":{},"meta":{"lastBranch":0,"lastFunction":0,"lastStatement":0,"seen":{}}}
,"/Users/gusamovamir/arcadia/junk/gusamovamir/ci-demo/src/components/TodoItem.jsx": {"path":"/Users/gusamovamir/arcadia/junk/gusamovamir/ci-demo/src/components/TodoItem.jsx","statementMap":{"0":{"start":{"line":4,"column":2},"end":{"line":14,"column":null}},"1":{"start":{"line":9,"column":24},"end":{"line":9,"column":null}},"2":{"start":{"line":12,"column":52},"end":{"line":12,"column":69}}},"fnMap":{"0":{"name":"TodoItem","decl":{"start":{"line":3,"column":9},"end":{"line":3,"column":18}},"loc":{"start":{"line":3,"column":48},"end":{"line":14,"column":null}},"line":3},"1":{"name":"(anonymous_1)","decl":{"start":{"line":9,"column":8},"end":{"line":9,"column":24}},"loc":{"start":{"line":9,"column":24},"end":{"line":9,"column":null}},"line":9},"2":{"name":"(anonymous_2)","decl":{"start":{"line":12,"column":37},"end":{"line":12,"column":52}},"loc":{"start":{"line":12,"column":52},"end":{"line":12,"column":69}},"line":12}},"branchMap":{"0":{"loc":{"start":{"line":5,"column":31},"end":{"line":5,"column":null}},"type":"cond-expr","locations":[{"start":{"line":5,"column":48},"end":{"line":5,"column":63}},{"start":{"line":5,"column":63},"end":{"line":5,"column":null}}],"line":5}},"s":{"0":27,"1":5,"2":3},"f":{"0":27,"1":5,"2":3},"b":{"0":[8,19]},"meta":{"lastBranch":1,"lastFunction":3,"lastStatement":3,"seen":{"f:3:9:3:18":0,"s:4:2:14:Infinity":0,"b:5:48:5:63:5:63:5:Infinity":0,"f:9:8:9:24":1,"s:9:24:9:Infinity":1,"f:12:37:12:52":2,"s:12:52:12:69":2}}}
,"/Users/gusamovamir/arcadia/junk/gusamovamir/ci-demo/src/components/TodoList.css": {"path":"/Users/gusamovamir/arcadia/junk/gusamovamir/ci-demo/src/components/TodoList.css","statementMap":{},"fnMap":{},"branchMap":{},"s":{},"f":{},"b":{},"meta":{"lastBranch":0,"lastFunction":0,"lastStatement":0,"seen":{}}}
,"/Users/gusamovamir/arcadia/junk/gusamovamir/ci-demo/src/components/TodoList.jsx": {"path":"/Users/gusamovamir/arcadia/junk/gusamovamir/ci-demo/src/components/TodoList.jsx","statementMap":{"0":{"start":{"line":5,"column":2},"end":{"line":6,"column":null}},"1":{"start":{"line":6,"column":4},"end":{"line":6,"column":null}},"2":{"start":{"line":9,"column":2},"end":{"line":19,"column":null}},"3":{"start":{"line":12,"column":8},"end":{"line":17,"column":null}}},"fnMap":{"0":{"name":"TodoList","decl":{"start":{"line":4,"column":9},"end":{"line":4,"column":18}},"loc":{"start":{"line":4,"column":49},"end":{"line":19,"column":null}},"line":4},"1":{"name":"(anonymous_1)","decl":{"start":{"line":11,"column":13},"end":{"line":11,"column":18}},"loc":{"start":{"line":12,"column":8},"end":{"line":17,"column":null}},"line":12}},"branchMap":{"0":{"loc":{"start":{"line":5,"column":2},"end":{"line":6,"column":null}},"type":"if","locations":[{"start":{"line":5,"column":2},"end":{"line":6,"column":null}},{"start":{},"end":{}}],"line":5}},"s":{"0":22,"1":7,"2":15,"3":22},"f":{"0":22,"1":22},"b":{"0":[7,15]},"meta":{"lastBranch":1,"lastFunction":2,"lastStatement":4,"seen":{"f:4:9:4:18":0,"b:5:2:6:Infinity:undefined:undefined:undefined:undefined":0,"s:5:2:6:Infinity":0,"s:6:4:6:Infinity":1,"s:9:2:19:Infinity":2,"f:11:13:11:18":1,"s:12:8:17:Infinity":3}}}
}
